"../../../Engine/Content/Functions/Engine_MaterialFunctions01/Shading/PowerToRoughness.uasset" 0
"../../../Engine/Content/Functions/Engine_MaterialFunctions01/Shading/ConvertFromDiffSpec.uasset" 1
"../../../Engine/Content/EngineMaterials/DefaultDiffuse.uasset" 2
"../../../Engine/Content/EngineMaterials/DefaultDeferredDecalMaterial.uasset" 3
"../../../Engine/Content/EngineMaterials/DefaultLightFunctionMaterial.uasset" 4
"../../../Engine/Content/Functions/Engine_MaterialFunctions02/Utility/BreakOutFloat2Components.uasset" 5
"../../../Engine/Content/EngineMaterials/DefaultPostProcessMaterial.uasset" 6
"../../../Engine/Content/EditorMaterials/Camera/CineMat.uasset" 7
"../../../Engine/Content/EditorMaterials/Camera/MI_CineMat_Rig.uasset" 8
"../../../Engine/Content/EditorMeshes/Camera/SM_CraneRig_Base.uasset" 9
"../../../Engine/Content/EditorMeshes/Camera/SM_CraneRig_Arm.uasset" 10
"../../../Engine/Content/EditorMeshes/Camera/SM_CraneRig_Mount.uasset" 11
"../../../Engine/Content/EditorMeshes/Camera/SM_CraneRig_Body.uasset" 12
"../../../Engine/Content/EditorMeshes/Camera/SM_RailRig_Track.uasset" 13
"../../../Engine/Content/EditorMeshes/Camera/SM_RailRig_Mount.uasset" 14
"../../../Engine/Content/EngineResources/AICON-Red.uasset" 15
"../../../Engine/Content/EngineResources/AICON-Green.uasset" 16
"../../../Engine/Content/EngineFonts/Roboto.uasset" 17
"../../../Engine/Content/EngineResources/DefaultTexture.uasset" 18
"../../../Engine/Content/Functions/Engine_MaterialFunctions01/Texturing/ScaleUVsByCenter.uasset" 19
"../../../Engine/Content/Functions/Engine_MaterialFunctions02/ScreenResolution.uasset" 20
"../../../Engine/Content/Functions/Engine_MaterialFunctions02/Texturing/ScreenAlignedUVs.uasset" 21
"../../../Engine/Content/EngineResources/WhiteSquareTexture.uasset" 22
"../../../Engine/Content/EngineMaterials/Widget3DPassThrough.uasset" 23
"../../../Engine/Content/EngineMaterials/Widget3DPassThrough_Translucent.uasset" 24
"../../../Engine/Content/EngineMaterials/Widget3DPassThrough_Translucent_OneSided.uasset" 25
"../../../Engine/Content/EngineMaterials/Widget3DPassThrough_Opaque.uasset" 26
"../../../Engine/Content/EngineMaterials/Widget3DPassThrough_Opaque_OneSided.uasset" 27
"../../../Engine/Content/EngineMaterials/Widget3DPassThrough_Masked.uasset" 28
"../../../Engine/Content/EngineMaterials/Widget3DPassThrough_Masked_OneSided.uasset" 29
"../../../Engine/Content/EditorResources/S_Actor.uasset" 30
"../../../Engine/Content/EditorMaterials/AssetViewer/EpicQuadPanorama_CC+EV1.uasset" 31
"../../../Engine/Content/EditorResources/RGBTable16x1_AssetViewer.uasset" 32
"../../../Engine/Content/Maps/Templates/Thumbnails/Default.uasset" 33
"../../../Engine/Content/Maps/Templates/Thumbnails/VR-Basic.uasset" 34
"../../../Engine/Content/EditorMaterials/ParticleSystems/PSysThumbnail_NoImage.uasset" 35
"../../../Engine/Content/EditorMaterials/ParticleSystems/PSysThumbnail_OOD.uasset" 36
"../../../Engine/Content/EditorLandscapeResources/DataLayer.uasset" 37
"../../../Engine/Content/EngineDamageTypes/DmgTypeBP_Environmental.uasset" 38
"../../../Engine/Content/EngineMeshes/Sphere.uasset" 39
"../../../Engine/Content/EngineFonts/RobotoDistanceField.uasset" 40
"../../../Engine/Content/EngineMaterials/DefaultTextMaterialOpaque.uasset" 41
"../../../Engine/Content/EditorResources/S_Trigger.uasset" 42
"../../../Engine/Content/EngineResources/GradientTexture0.uasset" 43
"../../../Engine/Content/EngineResources/Black.uasset" 44
"../../../Engine/Content/EditorMaterials/MatineeGroups/MAT_Groups_Float.uasset" 45
"../../../Engine/Content/EditorMaterials/MatineeGroups/MAT_Groups_Director.uasset" 46
"../../../Engine/Content/EditorMaterials/MatineeGroups/MAT_Groups_Event.uasset" 47
"../../../Engine/Content/EditorMaterials/MatineeGroups/MAT_Groups_Anim.uasset" 48
"../../../Engine/Content/EditorMaterials/MatineeGroups/MAT_Groups_Fade.uasset" 49
"../../../Engine/Content/EditorMaterials/MatineeGroups/MAT_Groups_Move.uasset" 50
"../../../Engine/Content/EditorMaterials/MatineeGroups/MAT_Groups_Slomo.uasset" 51
"../../../Engine/Content/EditorMaterials/MatineeGroups/MAT_ColorTrack.uasset" 52
"../../../Engine/Content/EditorMaterials/MAT_Groups_Toggle.uasset" 53
"../../../Engine/Content/EditorMaterials/MatineeGroups/MAT_Groups_AudioMaster.uasset" 54
"../../../Engine/Content/EditorMaterials/MatineeGroups/MAT_Groups_Sound.uasset" 55
"../../../Engine/Content/EditorMaterials/MatineeGroups/MAT_Groups_Vector.uasset" 56
"../../../Engine/Content/EditorMaterials/MAT_Groups_Visibility.uasset" 57
"../../../Engine/Content/EngineResources/DefaultTextureCube.uasset" 58
"../../../Engine/Content/Functions/Engine_MaterialFunctions01/Opacity/CameraDepthFade.uasset" 59
"../../../Engine/Content/EngineMaterials/T_Default_Material_Grid_M.uasset" 60
"../../../Engine/Content/EngineMaterials/T_Default_Material_Grid_N.uasset" 61
"../../../Engine/Content/EngineMaterials/DefaultMaterial.uasset" 62
"../../../Engine/Content/EngineMeshes/Cylinder.uasset" 63
"../../../Engine/Content/EngineTireTypes/DefaultTireType.uasset" 64
"../../../Engine/Content/VREditor/LaserPointer/VR_LaserPower_01.uasset" 65
"../../../Engine/Content/VREditor/TransformGizmo/TransformGizmoMaterial.uasset" 66
"../../../Engine/Content/VREditor/TransformGizmo/TranslucentTransformGizmoMaterial.uasset" 67
"../../../Engine/Content/VREditor/TransformGizmo/UniformScaleHandle.uasset" 68
"../../../Engine/Content/VREditor/TransformGizmo/TranslateHandleLong.uasset" 69
"../../../Engine/Content/VREditor/TransformGizmo/PlaneTranslationHandle.uasset" 70
"../../../Engine/Content/VREditor/TransformGizmo/RotationHandleFull.uasset" 71
"../../../Engine/Content/VREditor/TransformGizmo/StretchingHandle.uasset" 72
"../../../Engine/Content/VREditor/TransformGizmo/BoundingBoxCorner.uasset" 73
"../../../Engine/Content/VREditor/TransformGizmo/BoundingBoxEdge.uasset" 74
"../../../Engine/Content/VREditor/UI/SelectionBarMesh.uasset" 75
"../../../Engine/Content/VREditor/UI/CloseButtonMesh.uasset" 76
"../../../Engine/Content/VREditor/FloatingText/LineMaterial.uasset" 77
"../../../Engine/Content/VREditor/FloatingText/LineSegmentCylinder.uasset" 78
"../../../Engine/Content/VREditor/FloatingText/JointSphere.uasset" 79
"../../../Engine/Content/VREditor/Fonts/VRText_RobotoLarge.uasset" 80
"../../../Engine/Content/VREditor/Fonts/VRTextMaterial.uasset" 81
"../../../Engine/Content/VREditor/Fonts/TranslucentVRTextMaterial.uasset" 82
"../../../Engine/Content/VREditor/TransformGizmo/TranslationHandle.uasset" 83
"../../../Engine/Content/VREditor/TransformGizmo/RotationHandle.uasset" 84
"../../../Engine/Content/VREditor/Devices/Generic/GenericHMDMaterial.uasset" 85
"../../../Engine/Content/VREditor/Devices/Generic/GenericHMD.uasset" 86
"../../../Engine/Content/Functions/Engine_MaterialFunctions01/Gradient/RadialGradient.uasset" 87
"../../../Engine/Content/EditorLandscapeResources/FlattenHeightMat.uasset" 88
"../../../Engine/Content/VREditor/WorldMovementGrid/PlaneMesh.uasset" 89
"../../../Engine/Content/VREditor/WorldMovementGrid/SimpleGrid.uasset" 90
"../../../Engine/Content/VREditor/WorldMovementGrid/GridMaterial.uasset" 91
"../../../Engine/Content/VREditor/LaserPointer/LaserPointerMaterial.uasset" 92
"../../../Engine/Content/VREditor/LaserPointer/LaserPointerMaterialInst.uasset" 93
"../../../Engine/Content/VREditor/LaserPointer/TranslucentLaserPointerMaterialInst.uasset" 94
"../../../Engine/Content/VREditor/LaserPointer/LaserPointerMesh.uasset" 95
"../../../Engine/Content/Functions/Engine_MaterialFunctions01/Density/ExponentialDensity.uasset" 96
"../../../Engine/Content/VREditor/WorldMovementGrid/GridPostProcess.uasset" 97
"../../../Engine/Content/VREditor/Sounds/VR_teleport_Cue.uasset" 98
"../../../Engine/Content/VREditor/Sounds/VR_grab_Cue.uasset" 99
"../../../Engine/Content/Tutorial/BlueprintTutorials/TutorialAssets/Blueprint_64x.uasset" 100
"../../../Engine/Content/Tutorial/Basics/TutorialAssets/icon_tab_Levels_40x.uasset" 101
"../../../Engine/Content/Tutorial/ContentIntroCurve.uasset" 102
"../../../Engine/Plugins/2D/Paper2D/Content/PlaceholderTextures/DummySpriteTexture.uasset" 103
"../../../Engine/Plugins/2D/Paper2D/Content/DefaultSpriteMaterial.uasset" 104
"../../../Engine/Plugins/2D/Paper2D/Content/MaskedUnlitSpriteMaterial.uasset" 105
"../../../Engine/Plugins/2D/Paper2D/Content/OpaqueUnlitSpriteMaterial.uasset" 106
"../../../Engine/Plugins/2D/Paper2D/Content/DummySprite.uasset" 107
"../../../Engine/Plugins/2D/Paper2D/Content/DefaultPaperTerrainMaterial.uasset" 108
"../../../Engine/Content/EngineMaterials/RemoveSurfaceMaterial.uasset" 109
"../../../Engine/Content/EngineDebugMaterials/DebugMeshMaterial.uasset" 110
"../../../Engine/Content/EngineMaterials/InvalidLightmapSettings.uasset" 111
"../../../Engine/Content/EngineMaterials/M_InvalidLightmapSettings.uasset" 112
"../../../Engine/Content/EditorMaterials/GizmoMaterial.uasset" 113
"../../../Engine/Content/EngineMaterials/PhAT_JointLimitMaterial.uasset" 114
"../../../Engine/Content/EngineMaterials/Good64x64TilingNoiseHighFreq.uasset" 115
"../../../Engine/Content/EngineMaterials/DefaultBokeh.uasset" 116
"../../../Engine/Content/EngineMaterials/PreintegratedSkinBRDF.uasset" 117
"../../../Engine/Content/EngineMaterials/MiniFont.uasset" 118
"../../../Engine/Content/EngineMaterials/WeightMapPlaceholderTexture.uasset" 119
"../../../Engine/Content/EngineMaterials/DefaultWhiteGrid.uasset" 120
"../../../Engine/Content/EngineMaterials/DefaultPhysicalMaterial.uasset" 121
"../../../Engine/Content/EngineFonts/RobotoTiny.uasset" 122
"../../../Engine/Content/EditorSounds/Notifications/CompileSuccess.uasset" 123
"../../../Engine/Content/EditorSounds/Notifications/CompileStart_Cue.uasset" 124
"../../../Engine/Content/EditorSounds/Notifications/CompileSuccess_Cue.uasset" 125
"../../../Engine/Content/EditorSounds/Notifications/CompileFailed.uasset" 126
"../../../Engine/Content/EditorSounds/Notifications/CompileFailed_Cue.uasset" 127
"../../../Engine/Content/EngineMaterials/WorldGridMaterial.uasset" 128
"../../../Engine/Content/BasicShapes/Cube.uasset" 129
"../../../Engine/Content/BasicShapes/Sphere.uasset" 130
"../../../Engine/Content/BasicShapes/Cylinder.uasset" 131
"../../../Engine/Content/BasicShapes/Cone.uasset" 132
"../../../LatticeTest1d/Content/Blueprints/NewPlayerCameraManager.uasset" 133
"../../../Engine/Content/EditorBlueprintResources/StandardMacros.uasset" 134
"../../../LatticeTest1d/Content/LatticeWork5_StabilityDebug.uasset" 135
"../../../LatticeTest1d/Content/Blueprints/playerControllerTest.uasset" 136
"../../../LatticeTest1d/Content/Blueprints/flyingPawn.uasset" 137
"../../../LatticeTest1d/Content/Blueprints/softBodyTest.uasset" 138
"../../../Engine/Content/EditorResources/BSPVertex.uasset" 139
"../../../Engine/Content/EngineDebugMaterials/GeomMaterial.uasset" 140
"../../../Engine/Content/EngineDebugMaterials/HeatmapGradient.uasset" 141
"../../../Engine/Content/EngineDebugMaterials/BoneWeightMaterial.uasset" 142
"../../../Engine/Content/EditorMaterials/PreviewShadowIndicator.uasset" 143
"../../../Engine/Content/EditorMaterials/PreviewShadowIndicatorMaterial.uasset" 144
"../../../Engine/Content/EngineMaterials/EditorBrushMaterial.uasset" 145
"../../../Engine/Content/MobileResources/HUD/VirtualJoystick_Background.uasset" 146
"../../../Engine/Content/MobileResources/HUD/VirtualJoystick_Thumb.uasset" 147
"../../../Engine/Content/MobileResources/HUD/DefaultVirtualJoysticks.uasset" 148
"../../../Engine/Content/Tutorial/SubEditors/TutorialAssets/icon_Editor_Preferences_General_40x.uasset" 149
"../../../Engine/Content/Tutorial/Paper2D/TutorialAssets/Paper2DSprite_TutorialIcon.uasset" 150
"../../../Engine/Content/Tutorial/SubEditors/TutorialAssets/icon_ShowSkeletalMeshes_40x.uasset" 151
"../../../Engine/Content/Tutorial/Landscape/TutorialAssets/Landscape.uasset" 152
"../../../Engine/Content/Tutorial/Foliage/TutorialAssets/Foliage.uasset" 153
"../../../Engine/Content/Tutorial/BlueprintTutorials/TutorialAssets/BlueprintMacroLibrary_64x.uasset" 154
"../../../Engine/Content/Tutorial/BlueprintTutorials/TutorialAssets/BlueprintInterface_64x.uasset" 155
"../../../Engine/Content/Tutorial/Paper2D/TutorialAssets/Paper2DFlipbook_TutorialIcon.uasset" 156
"../../../Engine/Content/MobileResources/HUD/T_Castle_ThumbstickInner.uasset" 157
"../../../Engine/Content/MobileResources/HUD/MobileHUDDirectionPad3.uasset" 158
"../../../Engine/Content/EditorResources/EmptyActor.uasset" 159
"../../../Engine/Content/EditorResources/AudioIcons/S_AudioComponent_AutoActivate.uasset" 160
"../../../Engine/Content/EngineMeshes/Cube.uasset" 161
"../../../Engine/Content/Tutorial/BlueprintTutorials/TutorialAssets/Tutorial_BP_Interface.uasset" 162
"../../../Engine/Content/EditorMeshes/EditorCube.uasset" 163
"../../../Engine/Content/Tutorial/SubEditors/TutorialAssets/Tutorial_DM.uasset" 164
"../../../Engine/Content/Tutorial/SubEditors/TutorialAssets/TutorialMaterial.uasset" 165
"../../../Engine/Content/Tutorial/SubEditors/TutorialAssets/T_SmokeSubUV_8X8.uasset" 166
"../../../Engine/Content/Tutorial/SubEditors/TutorialAssets/T_soft_smoke.uasset" 167
"../../../Engine/Content/Tutorial/SubEditors/TutorialAssets/M_smoke_subUV_blackbody.uasset" 168
"../../../Engine/Content/Tutorial/SubEditors/TutorialAssets/TutorialParticleSystem.uasset" 169
"../../../Engine/Content/MobileResources/HUD/MobileHUDButton3.uasset" 170
"../../../Engine/Content/MobileResources/HUD/MobileHUDButton2_on.uasset" 171
"../../../Engine/Content/MobileResources/HUD/MobileHUDButton2_off.uasset" 172
"../../../Engine/Content/MobileResources/HUD/MobileHUDButton1_on.uasset" 173
"../../../Engine/Content/MobileResources/HUD/MobileHUDButton1_off.uasset" 174
"../../../Engine/Content/MobileResources/HUD/LeftVirtualJoystickOnly.uasset" 175
"../../../Engine/Content/MobileResources/HUD/AnalogHat.uasset" 176
"../../../Engine/Content/MobileResources/T_MobileMenu2.uasset" 177
"../../../Engine/Content/MobileResources/T_MobileControls_texture.uasset" 178
"../../../Engine/Content/EditorResources/AudioIcons/S_AudioComponent.uasset" 179
"../../../LatticeTest1d/Content/StarterContent/Materials/M_Basic_Wall.uasset" 180
"../../../LatticeTest1d/Content/StarterContent/Shapes/Shape_WideCapsule.uasset" 181
"../../../LatticeTest1d/Content/StarterContent/Shapes/Shape_Wedge_B.uasset" 182
"../../../LatticeTest1d/Content/StarterContent/Shapes/Shape_Wedge_A.uasset" 183
"../../../LatticeTest1d/Content/StarterContent/Shapes/Shape_Tube.uasset" 184
"../../../LatticeTest1d/Content/StarterContent/Shapes/Shape_TriPyramid.uasset" 185
"../../../LatticeTest1d/Content/StarterContent/Shapes/Shape_Trim_90_Out.uasset" 186
"../../../LatticeTest1d/Content/StarterContent/Shapes/Shape_Trim_90_In.uasset" 187
"../../../LatticeTest1d/Content/StarterContent/Shapes/Shape_Trim.uasset" 188
"../../../LatticeTest1d/Content/StarterContent/Shapes/Shape_Torus.uasset" 189
"../../../LatticeTest1d/Content/StarterContent/Shapes/Shape_Plane.uasset" 190
"../../../LatticeTest1d/Content/StarterContent/Shapes/Shape_Pipe_90.uasset" 191
"../../../LatticeTest1d/Content/StarterContent/Shapes/Shape_Pipe_180.uasset" 192
"../../../LatticeTest1d/Content/StarterContent/Shapes/Shape_Pipe.uasset" 193
"../../../LatticeTest1d/Content/StarterContent/Shapes/Shape_NarrowCapsule.uasset" 194
"../../../LatticeTest1d/Content/StarterContent/Shapes/Shape_Cylinder.uasset" 195
"../../../LatticeTest1d/Content/StarterContent/Shapes/Shape_Cone.uasset" 196
"../../../Engine/Content/MobileResources/HUD/MobileHUDDirectionPad.uasset" 197
"../../../LatticeTest1d/Content/StarterContent/Materials/M_Basic_Floor.uasset" 198
"../../../LatticeTest1d/Content/StarterContent/Props/SM_Stairs.uasset" 199
"../../../LatticeTest1d/Content/StarterContent/Textures/T_Shelf_M.uasset" 200
"../../../LatticeTest1d/Content/StarterContent/Textures/T_Shelf_N.uasset" 201
"../../../LatticeTest1d/Content/StarterContent/Props/Materials/M_Shelf.uasset" 202
"../../../LatticeTest1d/Content/StarterContent/Props/SM_Shelf.uasset" 203
"../../../Engine/Content/Functions/Engine_MaterialFunctions02/Utility/BlendAngleCorrectedNormals.uasset" 204
"../../../LatticeTest1d/Content/StarterContent/Textures/T_Detail_Rocky_N.uasset" 205
"../../../LatticeTest1d/Content/StarterContent/Textures/T_Rock_Basalt_D.uasset" 206
"../../../LatticeTest1d/Content/StarterContent/Textures/T_RockMesh_M.uasset" 207
"../../../LatticeTest1d/Content/StarterContent/Textures/T_RockMesh_N.uasset" 208
"../../../LatticeTest1d/Content/StarterContent/Props/Materials/M_Rock.uasset" 209
"../../../LatticeTest1d/Content/StarterContent/Props/SM_Rock.uasset" 210
"../../../LatticeTest1d/Content/StarterContent/Props/Materials/M_MaterialSphere.uasset" 211
"../../../LatticeTest1d/Content/StarterContent/Props/Materials/M_MaterialSphere_Plain.uasset" 212
"../../../LatticeTest1d/Content/StarterContent/Props/SM_MatPreviewMesh_02.uasset" 213
"../../../LatticeTest1d/Content/StarterContent/Materials/M_Glass.uasset" 214
"../../../LatticeTest1d/Content/StarterContent/Textures/T_Door_M.uasset" 215
"../../../LatticeTest1d/Content/StarterContent/Textures/T_Door_N.uasset" 216
"../../../LatticeTest1d/Content/StarterContent/Props/Materials/M_Door.uasset" 217
"../../../LatticeTest1d/Content/StarterContent/Props/SM_Door.uasset" 218
"../../../LatticeTest1d/Content/StarterContent/Textures/T_Chair_M.uasset" 219
"../../../LatticeTest1d/Content/StarterContent/Textures/T_Chair_N.uasset" 220
"../../../LatticeTest1d/Content/StarterContent/Props/Materials/M_Chair.uasset" 221
"../../../LatticeTest1d/Content/StarterContent/Props/SM_Couch.uasset" 222
"../../../LatticeTest1d/Content/StarterContent/Textures/T_Bush_D.uasset" 223
"../../../LatticeTest1d/Content/StarterContent/Textures/T_Bush_N.uasset" 224
"../../../LatticeTest1d/Content/StarterContent/Props/Materials/M_Bush.uasset" 225
"../../../LatticeTest1d/Content/StarterContent/Props/SM_Bush.uasset" 226
"../../../Engine/Content/EditorMeshes/ColorCalibrator/T_ColorGrid.uasset" 227
"../../../LatticeTest1d/Content/StarterContent/Materials/M_ColorGrid_LowSpec.uasset" 228
"../../../LatticeTest1d/Content/StarterContent/Audio/Explosion_Cue.uasset" 229
"../../../LatticeTest1d/Content/StarterContent/Textures/T_Burst_M.uasset" 230
"../../../LatticeTest1d/Content/StarterContent/Particles/Materials/M_Burst.uasset" 231
"../../../LatticeTest1d/Content/StarterContent/Textures/T_Explosion_SubUV.uasset" 232
"../../../LatticeTest1d/Content/StarterContent/Particles/Materials/M_explosion_subUV.uasset" 233
"../../../LatticeTest1d/Content/StarterContent/Particles/Materials/m_flare_01.uasset" 234
"../../../LatticeTest1d/Content/StarterContent/Particles/Materials/M_radial_ramp.uasset" 235
"../../../LatticeTest1d/Content/StarterContent/Textures/T_Smoke_SubUV.uasset" 236
"../../../LatticeTest1d/Content/StarterContent/Textures/T_Smoke_Tiled_D.uasset" 237
"../../../LatticeTest1d/Content/StarterContent/Particles/Materials/M_smoke_subUV.uasset" 238
"../../../LatticeTest1d/Content/StarterContent/Particles/P_Explosion.uasset" 239
"../../../LatticeTest1d/Content/StarterContent/Blueprints/Blueprint_Effect_Explosion.uasset" 240
"../../../LatticeTest1d/Content/StarterContent/Audio/Light02_Cue.uasset" 241
"../../../LatticeTest1d/Content/StarterContent/Audio/Light01_Cue.uasset" 242
"../../../LatticeTest1d/Content/StarterContent/Architecture/Wall_Window_400x400.uasset" 243
"../../../Engine/Content/EditorResources/LightIcons/S_LightError.uasset" 244
"../../../LatticeTest1d/Content/StarterContent/Architecture/Wall_Door_400x400.uasset" 245
"../../../LatticeTest1d/Content/StarterContent/Architecture/Wall_500x500.uasset" 246
"../../../LatticeTest1d/Content/StarterContent/Architecture/Wall_400x400.uasset" 247
"../../../LatticeTest1d/Content/StarterContent/Architecture/Wall_400x300.uasset" 248
"../../../LatticeTest1d/Content/StarterContent/Architecture/Pillar_50x500.uasset" 249
"../../../LatticeTest1d/Content/LatticeTextures/1D_index_To_XY.uasset" 250
"../../../LatticeTest1d/Content/LatticeWork_Bio.uasset" 251
"../../../LatticeTest1d/Content/LatticeWork3_VariableSize.uasset" 252
"../../../LatticeTest1d/Content/LatticeWork2_robust.uasset" 253
"../../../LatticeTest1d/Content/LatticeWork.uasset" 254
"../../../LatticeTest1d/Content/ElementEdgesSet.uasset" 255
"../../../Engine/Content/MobileResources/HUD/MobileHUDDirectionStick.uasset" 256
"../../../Engine/Content/MobileResources/HUD/T_Castle_ThumbstickOutter.uasset" 257
"../../../Engine/Content/MobileResources/HUD/MobileHUDDirectionPad2.uasset" 258
"../../../Engine/Content/MobileResources/HUD/MobileHUDButtonFire.uasset" 259
"../../../Engine/Content/EngineMaterials/DefaultNormal.uasset" 260
"../../../Engine/Content/Maps/Entry.umap" 261
"../../../LatticeTest1d/Content/StarterContent/Audio/Fire01_Cue.uasset" 262
"../../../LatticeTest1d/Content/StarterContent/Textures/T_Fire_SubUV.uasset" 263
"../../../LatticeTest1d/Content/StarterContent/Textures/T_Fire_Tiled_D.uasset" 264
"../../../LatticeTest1d/Content/StarterContent/Particles/Materials/M_Fire_SubUV.uasset" 265
"../../../LatticeTest1d/Content/StarterContent/Textures/T_Water_N.uasset" 266
"../../../LatticeTest1d/Content/StarterContent/Particles/Materials/M_Heat_Distortion.uasset" 267
"../../../LatticeTest1d/Content/StarterContent/Particles/Materials/M_Radial_Gradient.uasset" 268
"../../../LatticeTest1d/Content/StarterContent/Particles/P_Fire.uasset" 269
"../../../LatticeTest1d/Content/StarterContent/Blueprints/Blueprint_Effect_Fire.uasset" 270
"../../../LatticeTest1d/Content/StarterContent/Audio/Smoke01_Cue.uasset" 271
"../../../LatticeTest1d/Content/StarterContent/Particles/P_Smoke.uasset" 272
"../../../LatticeTest1d/Content/StarterContent/Blueprints/Blueprint_Effect_Smoke.uasset" 273
"../../../LatticeTest1d/Content/StarterContent/Audio/Fire_Sparks01_Cue.uasset" 274
"../../../LatticeTest1d/Content/StarterContent/Textures/T_Spark_Core.uasset" 275
"../../../LatticeTest1d/Content/StarterContent/Particles/Materials/M_Spark.uasset" 276
"../../../LatticeTest1d/Content/StarterContent/Particles/P_Sparks.uasset" 277
"../../../LatticeTest1d/Content/StarterContent/Blueprints/Blueprint_Effect_Sparks.uasset" 278
"../../../LatticeTest1d/Content/StarterContent/Audio/Steam01_Cue.uasset" 279
"../../../LatticeTest1d/Content/StarterContent/Particles/P_Steam_Lit.uasset" 280
"../../../LatticeTest1d/Content/StarterContent/Blueprints/Blueprint_Effect_Steam.uasset" 281
"../../../Engine/Content/EngineSky/C_Sky_Cloud_Color.uasset" 282
"../../../Engine/Content/EngineSky/C_Sky_Horizon_Color.uasset" 283
"../../../Engine/Content/EngineSky/C_Sky_Zenith_Color.uasset" 284
"../../../Engine/Content/EngineSky/T_Sky_Blue.uasset" 285
"../../../Engine/Content/EngineSky/T_Sky_Clouds_M.uasset" 286
"../../../Engine/Content/EngineSky/T_Sky_Stars.uasset" 287
"../../../Engine/Content/EngineSky/M_Sky_Panning_Clouds2.uasset" 288
"../../../Engine/Content/EngineSky/SM_SkySphere.uasset" 289
"../../../Engine/Content/EngineSky/BP_Sky_Sphere.uasset" 290
"../../../LatticeTest1d/Content/StarterContent/Textures/T_Lamp_M.uasset" 291
"../../../LatticeTest1d/Content/StarterContent/Textures/T_Lamp_N.uasset" 292
"../../../LatticeTest1d/Content/StarterContent/Props/Materials/M_Lamp.uasset" 293
"../../../LatticeTest1d/Content/StarterContent/Props/SM_Lamp_Ceiling.uasset" 294
"../../../LatticeTest1d/Content/StarterContent/Blueprints/Blueprint_CeilingLight.uasset" 295
"../../../LatticeTest1d/Content/StarterContent/Props/SM_Lamp_Wall.uasset" 296
"../../../LatticeTest1d/Content/StarterContent/Blueprints/Blueprint_WallSconce.uasset" 297
"../../../Engine/Content/Functions/Engine_MaterialFunctions03/Procedurals/ComputeFilterWidth.uasset" 298
"../../../Engine/Content/EngineMaterials/AntiAliasedTextMaterialTranslucent.uasset" 299
"../../../LatticeTest1d/Content/StarterContent/Textures/T_Brick_Clay_Beveled_D.uasset" 300
"../../../LatticeTest1d/Content/StarterContent/Textures/T_Brick_Clay_Beveled_M.uasset" 301
"../../../LatticeTest1d/Content/StarterContent/Textures/T_Brick_Clay_Beveled_N.uasset" 302
"../../../LatticeTest1d/Content/StarterContent/Textures/T_MacroVariation.uasset" 303
"../../../LatticeTest1d/Content/StarterContent/Materials/M_Brick_Clay_Beveled.uasset" 304
"../../../LatticeTest1d/Content/StarterContent/Textures/T_Brick_Clay_New_D.uasset" 305
"../../../LatticeTest1d/Content/StarterContent/Textures/T_Brick_Clay_New_M.uasset" 306
"../../../LatticeTest1d/Content/StarterContent/Textures/T_Brick_Clay_New_N.uasset" 307
"../../../LatticeTest1d/Content/StarterContent/Materials/M_Brick_Clay_New.uasset" 308
"../../../LatticeTest1d/Content/StarterContent/Textures/T_Brick_Clay_Old_D.uasset" 309
"../../../LatticeTest1d/Content/StarterContent/Textures/T_Brick_Clay_Old_N.uasset" 310
"../../../LatticeTest1d/Content/StarterContent/Textures/T_Perlin_Noise_M.uasset" 311
"../../../LatticeTest1d/Content/StarterContent/Materials/M_Brick_Clay_Old.uasset" 312
"../../../LatticeTest1d/Content/StarterContent/Textures/T_Brick_Cut_Stone_D.uasset" 313
"../../../LatticeTest1d/Content/StarterContent/Textures/T_Brick_Cut_Stone_N.uasset" 314
"../../../LatticeTest1d/Content/StarterContent/Materials/M_Brick_Cut_Stone.uasset" 315
"../../../LatticeTest1d/Content/StarterContent/Textures/T_Brick_Hewn_Stone_D.uasset" 316
"../../../LatticeTest1d/Content/StarterContent/Textures/T_Brick_Hewn_Stone_M.uasset" 317
"../../../LatticeTest1d/Content/StarterContent/Textures/T_Brick_Hewn_Stone_N.uasset" 318
"../../../LatticeTest1d/Content/StarterContent/Materials/M_Brick_Hewn_Stone.uasset" 319
"../../../LatticeTest1d/Content/StarterContent/Textures/T_Ceramic_Tile_M.uasset" 320
"../../../LatticeTest1d/Content/StarterContent/Textures/T_Ceramic_Tile_N.uasset" 321
"../../../LatticeTest1d/Content/StarterContent/Textures/T_Rock_Marble_Polished_D.uasset" 322
"../../../LatticeTest1d/Content/StarterContent/Materials/M_Ceramic_Tile_Checker.uasset" 323
"../../../LatticeTest1d/Content/StarterContent/Textures/T_CobbleStone_Pebble_D.uasset" 324
"../../../LatticeTest1d/Content/StarterContent/Textures/T_CobbleStone_Pebble_M.uasset" 325
"../../../LatticeTest1d/Content/StarterContent/Textures/T_CobbleStone_Pebble_N.uasset" 326
"../../../LatticeTest1d/Content/StarterContent/Materials/M_CobbleStone_Pebble.uasset" 327
"../../../LatticeTest1d/Content/StarterContent/Textures/T_CobbleStone_Rough_D.uasset" 328
"../../../LatticeTest1d/Content/StarterContent/Textures/T_CobbleStone_Rough_N.uasset" 329
"../../../LatticeTest1d/Content/StarterContent/Textures/T_Gradinet_01.uasset" 330
"../../../LatticeTest1d/Content/StarterContent/Textures/T_Rock_Smooth_Granite_D.uasset" 331
"../../../LatticeTest1d/Content/StarterContent/Materials/M_CobbleStone_Rough.uasset" 332
"../../../LatticeTest1d/Content/StarterContent/Textures/T_CobbleStone_Smooth_D.uasset" 333
"../../../LatticeTest1d/Content/StarterContent/Textures/T_CobbleStone_Smooth_M.uasset" 334
"../../../LatticeTest1d/Content/StarterContent/Textures/T_CobbleStone_Smooth_N.uasset" 335
"../../../LatticeTest1d/Content/StarterContent/Materials/M_CobbleStone_Smooth.uasset" 336
"../../../LatticeTest1d/Content/StarterContent/Textures/T_Concrete_Grime_D.uasset" 337
"../../../LatticeTest1d/Content/StarterContent/Textures/T_Metal_Rust_N.uasset" 338
"../../../LatticeTest1d/Content/StarterContent/Materials/M_Concrete_Grime.uasset" 339
"../../../LatticeTest1d/Content/StarterContent/Textures/T_Concrete_Panels_D.uasset" 340
"../../../LatticeTest1d/Content/StarterContent/Textures/T_Concrete_Panels_N.uasset" 341
"../../../LatticeTest1d/Content/StarterContent/Materials/M_Concrete_Panels.uasset" 342
"../../../LatticeTest1d/Content/StarterContent/Textures/T_Concrete_Poured_D.uasset" 343
"../../../LatticeTest1d/Content/StarterContent/Textures/T_Concrete_Poured_N.uasset" 344
"../../../LatticeTest1d/Content/StarterContent/Materials/M_Concrete_Poured.uasset" 345
"../../../LatticeTest1d/Content/StarterContent/Textures/T_Concrete_Tiles_D.uasset" 346
"../../../LatticeTest1d/Content/StarterContent/Textures/T_Concrete_Tiles_M.uasset" 347
"../../../LatticeTest1d/Content/StarterContent/Textures/T_Concrete_Tiles_N.uasset" 348
"../../../LatticeTest1d/Content/StarterContent/Textures/T_Concrete_Tiles_Variation_M.uasset" 349
"../../../LatticeTest1d/Content/StarterContent/Materials/M_Concrete_Tiles.uasset" 350
"../../../LatticeTest1d/Content/StarterContent/Textures/T_Ground_Grass_D.uasset" 351
"../../../LatticeTest1d/Content/StarterContent/Textures/T_Ground_Grass_N.uasset" 352
"../../../LatticeTest1d/Content/StarterContent/Materials/M_Ground_Grass.uasset" 353
"../../../LatticeTest1d/Content/StarterContent/Textures/T_Ground_Gravel_D.uasset" 354
"../../../LatticeTest1d/Content/StarterContent/Textures/T_Ground_Gravel_N.uasset" 355
"../../../LatticeTest1d/Content/StarterContent/Materials/M_Ground_Gravel.uasset" 356
"../../../LatticeTest1d/Content/StarterContent/Textures/T_ground_Moss_D.uasset" 357
"../../../LatticeTest1d/Content/StarterContent/Textures/T_Ground_Moss_N.uasset" 358
"../../../LatticeTest1d/Content/StarterContent/Materials/M_Ground_Moss.uasset" 359
"../../../LatticeTest1d/Content/StarterContent/Materials/M_Metal_Brushed_Nickel.uasset" 360
"../../../LatticeTest1d/Content/StarterContent/Textures/T_Metal_Aluminum_D.uasset" 361
"../../../LatticeTest1d/Content/StarterContent/Textures/T_Metal_Gold_N.uasset" 362
"../../../LatticeTest1d/Content/StarterContent/Materials/M_Metal_Burnished_Steel.uasset" 363
"../../../LatticeTest1d/Content/StarterContent/Materials/M_Metal_Chrome.uasset" 364
"../../../LatticeTest1d/Content/StarterContent/Textures/T_Metal_Copper_D.uasset" 365
"../../../LatticeTest1d/Content/StarterContent/Materials/M_Metal_Copper.uasset" 366
"../../../LatticeTest1d/Content/StarterContent/Textures/T_Metal_Gold_D.uasset" 367
"../../../LatticeTest1d/Content/StarterContent/Materials/M_Metal_Gold.uasset" 368
"../../../LatticeTest1d/Content/StarterContent/Textures/T_Metal_Rust_D.uasset" 369
"../../../LatticeTest1d/Content/StarterContent/Materials/M_Metal_Rust.uasset" 370
"../../../LatticeTest1d/Content/StarterContent/Textures/T_Metal_Steel_D.uasset" 371
"../../../LatticeTest1d/Content/StarterContent/Textures/T_Metal_Steel_N.uasset" 372
"../../../LatticeTest1d/Content/StarterContent/Materials/M_Metal_Steel.uasset" 373
"../../../LatticeTest1d/Content/StarterContent/Textures/T_Rock_Basalt_N.uasset" 374
"../../../LatticeTest1d/Content/StarterContent/Materials/M_Rock_Basalt.uasset" 375
"../../../LatticeTest1d/Content/StarterContent/Materials/M_Rock_Marble_Polished.uasset" 376
"../../../LatticeTest1d/Content/StarterContent/Textures/T_Rock_Sandstone_D.uasset" 377
"../../../LatticeTest1d/Content/StarterContent/Textures/T_Rock_Sandstone_N.uasset" 378
"../../../LatticeTest1d/Content/StarterContent/Materials/M_Rock_Sandstone.uasset" 379
"../../../LatticeTest1d/Content/StarterContent/Textures/T_Rock_Slate_D.uasset" 380
"../../../LatticeTest1d/Content/StarterContent/Textures/T_Rock_Slate_N.uasset" 381
"../../../LatticeTest1d/Content/StarterContent/Materials/M_Rock_Slate.uasset" 382
"../../../LatticeTest1d/Content/StarterContent/Textures/T_Checker_Noise_M.uasset" 383
"../../../LatticeTest1d/Content/StarterContent/Textures/T_Single_Tile_N.uasset" 384
"../../../LatticeTest1d/Content/StarterContent/Textures/T_Tech_Dot_M.uasset" 385
"../../../LatticeTest1d/Content/StarterContent/Textures/T_Tech_Dot_N.uasset" 386
"../../../LatticeTest1d/Content/StarterContent/Materials/M_Tech_Checker_Dot.uasset" 387
"../../../LatticeTest1d/Content/StarterContent/Textures/T_Tech_Hex_Tile_M.uasset" 388
"../../../LatticeTest1d/Content/StarterContent/Textures/T_Tech_Hex_Tile_N.uasset" 389
"../../../LatticeTest1d/Content/StarterContent/Materials/M_Tech_Hex_Tile.uasset" 390
"../../../LatticeTest1d/Content/StarterContent/Materials/M_Tech_Hex_Tile_Pulse.uasset" 391
"../../../LatticeTest1d/Content/StarterContent/Textures/T_Tech_Panel_M.uasset" 392
"../../../LatticeTest1d/Content/StarterContent/Textures/T_Tech_Panel_N.uasset" 393
"../../../LatticeTest1d/Content/StarterContent/Materials/M_Tech_Panel.uasset" 394
"../../../LatticeTest1d/Content/StarterContent/Materials/M_Water_Lake.uasset" 395
"../../../LatticeTest1d/Content/StarterContent/Textures/T_Water_M.uasset" 396
"../../../LatticeTest1d/Content/StarterContent/Materials/M_Water_Ocean.uasset" 397
"../../../LatticeTest1d/Content/StarterContent/Textures/T_Wood_Floor_Walnut_D.uasset" 398
"../../../LatticeTest1d/Content/StarterContent/Textures/T_Wood_Floor_Walnut_M.uasset" 399
"../../../LatticeTest1d/Content/StarterContent/Textures/T_Wood_Floor_Walnut_N.uasset" 400
"../../../LatticeTest1d/Content/StarterContent/Materials/M_Wood_Floor_Walnut_Polished.uasset" 401
"../../../Engine/Content/Functions/Engine_MaterialFunctions01/Opacity/AlphaOffset.uasset" 402
"../../../LatticeTest1d/Content/StarterContent/Materials/M_Wood_Floor_Walnut_Worn.uasset" 403
"../../../LatticeTest1d/Content/StarterContent/Textures/T_Wood_Oak_D.uasset" 404
"../../../LatticeTest1d/Content/StarterContent/Textures/T_Wood_Oak_N.uasset" 405
"../../../LatticeTest1d/Content/StarterContent/Materials/M_Wood_Oak.uasset" 406
"../../../LatticeTest1d/Content/StarterContent/Textures/T_Wood_Pine_D.uasset" 407
"../../../LatticeTest1d/Content/StarterContent/Textures/T_Wood_Pine_N.uasset" 408
"../../../LatticeTest1d/Content/StarterContent/Materials/M_Wood_Pine.uasset" 409
"../../../LatticeTest1d/Content/StarterContent/Textures/T_Wood_Walnut_D.uasset" 410
"../../../LatticeTest1d/Content/StarterContent/Textures/T_Wood_Walnut_N.uasset" 411
"../../../LatticeTest1d/Content/StarterContent/Materials/M_Wood_Walnut.uasset" 412
"../../../LatticeTest1d/Content/StarterContent/Architecture/Floor_400x400.uasset" 413
"../../../LatticeTest1d/Content/StarterContent/Architecture/Wall_400x200.uasset" 414
"../../../LatticeTest1d/Content/StarterContent/Architecture/Wall_Door_400x300.uasset" 415
"../../../LatticeTest1d/Content/StarterContent/Architecture/Wall_Window_400x300.uasset" 416
"../../../LatticeTest1d/Content/StarterContent/Audio/Collapse_Cue.uasset" 417
"../../../LatticeTest1d/Content/StarterContent/Audio/Starter_Background_Cue.uasset" 418
"../../../LatticeTest1d/Content/StarterContent/Audio/Starter_Music_Cue.uasset" 419
"../../../LatticeTest1d/Content/StarterContent/Textures/T_Dust_Particle_D.uasset" 420
"../../../LatticeTest1d/Content/StarterContent/Particles/Materials/M_Dust_Particle.uasset" 421
"../../../LatticeTest1d/Content/StarterContent/Particles/P_Ambient_Dust.uasset" 422
"../../../LatticeTest1d/Content/StarterContent/Props/MaterialSphere.uasset" 423
"../../../LatticeTest1d/Content/StarterContent/Props/SM_Chair.uasset" 424
"../../../LatticeTest1d/Content/StarterContent/Textures/T_Frame_M.uasset" 425
"../../../LatticeTest1d/Content/StarterContent/Textures/T_Frame_N.uasset" 426
"../../../LatticeTest1d/Content/StarterContent/Props/Materials/M_Frame.uasset" 427
"../../../LatticeTest1d/Content/StarterContent/Props/SM_CornerFrame.uasset" 428
"../../../LatticeTest1d/Content/StarterContent/Props/SM_DoorFrame.uasset" 429
"../../../LatticeTest1d/Content/StarterContent/Props/SM_GlassWindow.uasset" 430
"../../../LatticeTest1d/Content/StarterContent/Props/SM_PillarFrame.uasset" 431
"../../../LatticeTest1d/Content/StarterContent/Props/SM_PillarFrame300.uasset" 432
"../../../LatticeTest1d/Content/StarterContent/Textures/T_Statue_M.uasset" 433
"../../../LatticeTest1d/Content/StarterContent/Textures/T_Statue_N.uasset" 434
"../../../LatticeTest1d/Content/StarterContent/Props/Materials/M_Statue.uasset" 435
"../../../LatticeTest1d/Content/StarterContent/Props/Materials/M_StatueGlass.uasset" 436
"../../../LatticeTest1d/Content/StarterContent/Props/SM_Statue.uasset" 437
"../../../LatticeTest1d/Content/StarterContent/Textures/T_TableRound_M.uasset" 438
"../../../LatticeTest1d/Content/StarterContent/Textures/T_TableRound_N.uasset" 439
"../../../LatticeTest1d/Content/StarterContent/Props/Materials/M_TableRound.uasset" 440
"../../../LatticeTest1d/Content/StarterContent/Props/SM_TableRound.uasset" 441
"../../../LatticeTest1d/Content/StarterContent/Props/SM_WindowFrame.uasset" 442
"../../../LatticeTest1d/Content/StarterContent/Shapes/Shape_Cube.uasset" 443
"../../../LatticeTest1d/Content/StarterContent/Shapes/Shape_QuadPyramid.uasset" 444
"../../../LatticeTest1d/Content/StarterContent/Shapes/Shape_Sphere.uasset" 445
"../../../LatticeTest1d/Content/StarterContent/Maps/StarterMap.umap" 446
"../../../LatticeTest1d/Content/StarterContent/Blueprints/Assets/FogBrightnessLUT.uasset" 447
"../../../LatticeTest1d/Content/StarterContent/Blueprints/Assets/SunlightColorLUT.uasset" 448
"../../../LatticeTest1d/Content/StarterContent/Blueprints/Assets/M_LightStage_Arrows.uasset" 449
"../../../Engine/Content/MapTemplates/Sky/DaylightAmbientCubemap.uasset" 450
"../../../LatticeTest1d/Content/StarterContent/Blueprints/Assets/M_LightStage_Skybox_Master.uasset" 451
"../../../LatticeTest1d/Content/StarterContent/Blueprints/Assets/M_LightStage_Skybox_Black.uasset" 452
"../../../LatticeTest1d/Content/StarterContent/Blueprints/Assets/M_LightStage_Skybox_HDRI.uasset" 453
"../../../Engine/Content/EditorMaterials/Thumbnails/SkySphereMaterial.uasset" 454
"../../../LatticeTest1d/Content/StarterContent/Blueprints/Assets/Skybox.uasset" 455
"../../../LatticeTest1d/Content/StarterContent/Blueprints/Assets/SM_Arrows.uasset" 456
"../../../LatticeTest1d/Content/StarterContent/HDRI/HDRI_Epic_Courtyard_Daylight.uasset" 457
"../../../LatticeTest1d/Content/StarterContent/Blueprints/BP_LightStudio.uasset" 458
"../../../LatticeTest1d/Content/StarterContent/Materials/M_AssetPlatform.uasset" 459
"../../../Engine/Content/EditorMeshes/ColorCalibrator/M_ChromeBall.uasset" 460
"../../../Engine/Content/EditorMeshes/ColorCalibrator/M_ClearCoat.uasset" 461
"../../../Engine/Content/EditorMeshes/ColorCalibrator/M_ClearCoatBlack.uasset" 462
"../../../Engine/Content/EditorMeshes/ColorCalibrator/M_ColorGrid.uasset" 463
"../../../Engine/Content/EditorMeshes/ColorCalibrator/M_GreyBall.uasset" 464
"../../../Engine/Content/EditorMeshes/ColorCalibrator/SM_ColorCalibrator.uasset" 465
"../../../LatticeTest1d/Content/StarterContent/Architecture/SM_AssetPlatform.uasset" 466
"../../../LatticeTest1d/Content/StarterContent/Maps/Advanced_Lighting.umap" 467
"../../../LatticeTest1d/Content/LatticeTextures/PointsPositionsDeformed.uasset" 468
"../../../LatticeTest1d/Content/LatticeTextures/PointsPositionsOriginal.uasset" 469
"../../../LatticeTest1d/Content/JiggleMeshMaterial.uasset" 470
"../../../LatticeTest1d/Content/LatticeTextures/Step00_SetVelocitiesZeroPoint.uasset" 471
"../../../LatticeTest1d/Content/LatticeTextures/3D_Vector_To_BigSmall_Vectors.uasset" 472
"../../../LatticeTest1d/Content/LatticeTextures/VelocityOutput.uasset" 473
"../../../LatticeTest1d/Content/LatticeTextures/AlphaToNegatives.uasset" 474
"../../../LatticeTest1d/Content/LatticeTextures/XY_to_1D_index.uasset" 475
"../../../LatticeTest1d/Content/LatticeTextures/PointsDeformed_Duplicate.uasset" 476
"../../../LatticeTest1d/Content/LatticeTextures/PointsDeformed_Error.uasset" 477
"../../../LatticeTest1d/Content/LatticeTextures/PointsVelocities.uasset" 478
"../../../LatticeTest1d/Content/LatticeTextures/Step0_UpdateDeformedPoints.uasset" 479
"../../../LatticeTest1d/Content/LatticeTextures/NegativesToAlpha.uasset" 480
"../../../LatticeTest1d/Content/LatticeTextures/PointsVelocities_Duplicate.uasset" 481
"../../../LatticeTest1d/Content/LatticeTextures/Step0a_UpdateVelocity.uasset" 482
"../../../LatticeTest1d/Content/LatticeTextures/Step0b_DuplicateTexture.uasset" 483
"../../../LatticeTest1d/Content/LatticeTextures/Step0c_UpdateDeformedErrors.uasset" 484
"../../../LatticeTest1d/Content/LatticeTextures/1D_Index_To_UV.uasset" 485
"../../../LatticeTest1d/Content/LatticeTextures/UV_to_1D_Index.uasset" 486
"../../../LatticeTest1d/Content/LatticeTextures/List_ElementsToPoints.uasset" 487
"../../../LatticeTest1d/Content/LatticeTextures/ListStarts_ElementsToPoints.uasset" 488
"../../../LatticeTest1d/Content/LatticeTextures/Step1_GetCentersDeformed.uasset" 489
"../../../Engine/Content/Functions/Engine_MaterialFunctions02/Utility/Sign.uasset" 490
"../../../LatticeTest1d/Content/LatticeTextures/ElementCentersDeformed.uasset" 491
"../../../LatticeTest1d/Content/LatticeTextures/ElementCentersOriginal.uasset" 492
"../../../LatticeTest1d/Content/LatticeTextures/List_PointsToElements.uasset" 493
"../../../LatticeTest1d/Content/LatticeTextures/ListStarts_PointsToElements.uasset" 494
"../../../LatticeTest1d/Content/LatticeTextures/Step6_GetFinalPoints.uasset" 495
"../../../LatticeTest1d/Content/LatticeTextures/PointsDeformed_Error_Duplicate.uasset" 496
"../../../LatticeTest1d/Content/LatticeWork4_GPU.uasset" 497
"../../../LatticeTest1d/Content/character/Char15_2.uasset" 498
"../../../LatticeTest1d/Content/StarterContent/Maps/Minimal_Default.umap" 499
